Using pre-set license
Built from '2020.2/release' branch; Version is '2020.2.4f1 (becced5a802b) revision 12504301'; Using compiler version '192528614'; Build Type 'Release'
OS: 'Windows 10 Home; OS build 18363.1316; Version 1909; 64bit' Language: 'en' Physical Memory: 8047 MB
BatchMode: 1, IsHumanControllingUs: 0, StartBugReporterOnCrash: 0, Is64bit: 1, IsPro: 0

 COMMAND LINE ARGUMENTS:
Z:\UnityEditor\2020.2.4f1\Editor\Unity.exe
-adb2
-batchMode
-noUpm
-name
AssetImportWorker0
-projectPath
Z:/BrackeysGameJam2020.1/BrackeysGameJam2021.1
-logFile
Logs/AssetImportWorker0.log
-srvPort
53768
Successfully changed project path to: Z:/BrackeysGameJam2020.1/BrackeysGameJam2021.1
Z:/BrackeysGameJam2020.1/BrackeysGameJam2021.1
Using Asset Import Pipeline V2.
Refreshing native plugins compatible for Editor in 114.70 ms, found 1 plugins.
Preloading 0 native plugins for Editor in 0.00 ms.
Initialize engine version: 2020.2.4f1 (becced5a802b)
[Subsystems] Discovering subsystems at path Z:/UnityEditor/2020.2.4f1/Editor/Data/Resources/UnitySubsystems
[Subsystems] Discovering subsystems at path Z:/BrackeysGameJam2020.1/BrackeysGameJam2021.1/Assets
GfxDevice: creating device client; threaded=0
Direct3D:
    Version:  Direct3D 11.0 [level 11.1]
    Renderer: NVIDIA GeForce GTX 1050 Ti (ID=0x1c8c)
    Vendor:   
    VRAM:     4021 MB
    Driver:   26.21.14.4187
Initialize mono
Mono path[0] = 'Z:/UnityEditor/2020.2.4f1/Editor/Data/Managed'
Mono path[1] = 'Z:/UnityEditor/2020.2.4f1/Editor/Data/MonoBleedingEdge/lib/mono/unityjit'
Mono config path = 'Z:/UnityEditor/2020.2.4f1/Editor/Data/MonoBleedingEdge/etc'
Using monoOptions --debugger-agent=transport=dt_socket,embedding=1,server=y,suspend=n,address=127.0.0.1:56780
Begin MonoManager ReloadAssembly
Registering precompiled unity dll's ...
Register platform support module: Z:/UnityEditor/2020.2.4f1/Editor/Data/PlaybackEngines/WebGLSupport/UnityEditor.WebGL.Extensions.dll
Register platform support module: Z:/UnityEditor/2020.2.4f1/Editor/Data/PlaybackEngines/WindowsStandaloneSupport/UnityEditor.WindowsStandalone.Extensions.dll
Registered in 0.004216 seconds.
Native extension for WindowsStandalone target not found
Native extension for WebGL target not found
Refreshing native plugins compatible for Editor in 86.99 ms, found 1 plugins.
Preloading 0 native plugins for Editor in 0.00 ms.
Invoked RoslynAnalysisRunner static constructor.
RoslynAnalysisRunner will not be running.
RoslynAnalysisRunner has terminated.
Mono: successfully reloaded assembly
- Completed reload, in  2.505 seconds
Platform modules already initialized, skipping
Registering precompiled user dll's ...
Registered in 0.017634 seconds.
Begin MonoManager ReloadAssembly
Native extension for WindowsStandalone target not found
Native extension for WebGL target not found
Refreshing native plugins compatible for Editor in 56.61 ms, found 1 plugins.
Preloading 0 native plugins for Editor in 0.00 ms.
Invoked RoslynAnalysisRunner static constructor.
RoslynAnalysisRunner will not be running.
RoslynAnalysisRunner has terminated.
Mono: successfully reloaded assembly
- Completed reload, in  2.044 seconds
Platform modules already initialized, skipping
========================================================================
Worker process is ready to serve import requests
Launched and connected shader compiler UnityShaderCompiler.exe after 0.12 seconds
Refreshing native plugins compatible for Editor in 0.79 ms, found 1 plugins.
Preloading 0 native plugins for Editor in 0.00 ms.
Unloading 2797 Unused Serialized files (Serialized files now loaded: 0)
System memory in use before: 139.4 MB.
System memory in use after: 139.5 MB.

Unloading 34 unused Assets to reduce memory usage. Loaded Objects now: 3249.
Total: 16.154200 ms (FindLiveObjects: 0.334500 ms CreateObjectMapping: 0.176000 ms MarkObjects: 15.406700 ms  DeleteObjects: 0.234700 ms)

========================================================================
Received Import Request.
  path: Assets/leo
  artifactKey: Guid(eca103eec9b695745a2251fa4c9c377b) Importer(815301076,1909f56bfc062723c751e8b465ee728b)
Start importing Assets/leo using Guid(eca103eec9b695745a2251fa4c9c377b) Importer(815301076,1909f56bfc062723c751e8b465ee728b)  -> (artifact id: '5dae40a29621cd039d2fccd34bde88a3') in 0.023488 seconds
  Import took 0.034898 seconds .

========================================================================
Received Import Request.
  Time since last request: 0.001055 seconds.
  path: Assets/Case
  artifactKey: Guid(ee830292114d6544eb6a6ccaa44ad60c) Importer(815301076,1909f56bfc062723c751e8b465ee728b)
Start importing Assets/Case using Guid(ee830292114d6544eb6a6ccaa44ad60c) Importer(815301076,1909f56bfc062723c751e8b465ee728b)  -> (artifact id: 'db8af6db8821894508c194db27c2b755') in 0.014243 seconds
  Import took 0.021912 seconds .

========================================================================
Received Import Request.
  Time since last request: 0.000325 seconds.
  path: Assets/Paku
  artifactKey: Guid(ee6149847d566234d9d0d19994cfd332) Importer(815301076,1909f56bfc062723c751e8b465ee728b)
Start importing Assets/Paku using Guid(ee6149847d566234d9d0d19994cfd332) Importer(815301076,1909f56bfc062723c751e8b465ee728b)  -> (artifact id: '70d1299dda4474660cf1fdffc918e3f3') in 0.015198 seconds
  Import took 0.025083 seconds .

========================================================================
Received Import Request.
  Time since last request: 1.284802 seconds.
  path: Assets/Paku/Script.cs
  artifactKey: Guid(1a5fbd3546df92145b9f85e860f17403) Importer(815301076,1909f56bfc062723c751e8b465ee728b)
Start importing Assets/Paku/Script.cs using Guid(1a5fbd3546df92145b9f85e860f17403) Importer(815301076,1909f56bfc062723c751e8b465ee728b)  -> (artifact id: '2627117b0f8fa6a7b9b05fdbf852f5b2') in 0.075181 seconds
  Import took 0.081540 seconds .

========================================================================
Received Prepare
Registering precompiled user dll's ...
Registered in 0.008248 seconds.
Begin MonoManager ReloadAssembly
Native extension for WindowsStandalone target not found
Native extension for WebGL target not found
Refreshing native plugins compatible for Editor in 0.79 ms, found 1 plugins.
Preloading 0 native plugins for Editor in 0.00 ms.
Invoked RoslynAnalysisRunner static constructor.
RoslynAnalysisRunner will not be running.
RoslynAnalysisRunner has terminated.
Mono: successfully reloaded assembly
- Completed reload, in  2.134 seconds
Platform modules already initialized, skipping
Refreshing native plugins compatible for Editor in 0.77 ms, found 1 plugins.
Preloading 0 native plugins for Editor in 0.00 ms.
Unloading 2782 Unused Serialized files (Serialized files now loaded: 0)
System memory in use before: 144.0 MB.
System memory in use after: 144.1 MB.

Unloading 22 unused Assets to reduce memory usage. Loaded Objects now: 3252.
Total: 11.259900 ms (FindLiveObjects: 0.260200 ms CreateObjectMapping: 0.153400 ms MarkObjects: 10.679100 ms  DeleteObjects: 0.166000 ms)

========================================================================
Received Import Request.
  Time since last request: 143.206043 seconds.
  path: Assets/Paku/Script.cs
  artifactKey: Guid(1a5fbd3546df92145b9f85e860f17403) Importer(815301076,1909f56bfc062723c751e8b465ee728b)
Start importing Assets/Paku/Script.cs using Guid(1a5fbd3546df92145b9f85e860f17403) Importer(815301076,1909f56bfc062723c751e8b465ee728b)  -> (artifact id: '1e9963757e0e53fbdc5e11b79bbba88d') in 0.006460 seconds
  Import took 0.012120 seconds .

AssetImportWorkerClient::OnTransportError - code=2 error=End of file
